103.05.15 00:39 B C:\stats_project\include\libs\plugins\block.textformat.php <-- haysprod /public_html/stats_project/include/libs/plugins block.textformat.php
103.05.15 00:39 B C:\stats_project\include\libs\plugins\function.assign.php <-- haysprod /public_html/stats_project/include/libs/plugins function.assign.php
103.05.15 00:39 B C:\stats_project\include\libs\plugins\function.assign_debug_info.php <-- haysprod /public_html/stats_project/include/libs/plugins function.assign_debug_info.php
103.05.15 00:39 B C:\stats_project\include\libs\plugins\function.counter.php <-- haysprod /public_html/stats_project/include/libs/plugins function.counter.php
103.05.15 00:39 B C:\stats_project\include\libs\plugins\function.cycle.php <-- haysprod /public_html/stats_project/include/libs/plugins function.cycle.php
103.05.15 00:39 B C:\stats_project\include\libs\plugins\function.debug.php <-- haysprod /public_html/stats_project/include/libs/plugins function.debug.php
103.05.15 00:39 B C:\stats_project\include\libs\plugins\function.eval.php <-- haysprod /public_html/stats_project/include/libs/plugins function.eval.php
103.05.15 00:39 B C:\stats_project\include\libs\plugins\function.fetch.php <-- haysprod /public_html/stats_project/include/libs/plugins function.fetch.php
103.05.15 00:39 B C:\stats_project\include\libs\plugins\function.html_checkboxes.php <-- haysprod /public_html/stats_project/include/libs/plugins function.html_checkboxes.php
103.05.15 00:39 B C:\stats_project\include\libs\plugins\function.html_image.php <-- haysprod /public_html/stats_project/include/libs/plugins function.html_image.php
103.05.15 00:39 B C:\stats_project\include\libs\plugins\function.html_options.php <-- haysprod /public_html/stats_project/include/libs/plugins function.html_options.php
103.05.15 00:39 B C:\stats_project\include\libs\plugins\function.html_radios.php <-- haysprod /public_html/stats_project/include/libs/plugins function.html_radios.php
103.05.15 00:39 B C:\stats_project\include\libs\plugins\function.html_select_date.php <-- haysprod /public_html/stats_project/include/libs/plugins function.html_select_date.php
103.05.15 00:39 B C:\stats_project\include\libs\plugins\function.html_select_time.php <-- haysprod /public_html/stats_project/include/libs/plugins function.html_select_time.php
103.05.15 00:39 B C:\stats_project\include\libs\plugins\function.html_table.php <-- haysprod /public_html/stats_project/include/libs/plugins function.html_table.php
103.05.15 00:39 B C:\stats_project\include\libs\plugins\function.mailto.php <-- haysprod /public_html/stats_project/include/libs/plugins function.mailto.php
103.05.15 00:39 B C:\stats_project\include\libs\plugins\function.math.php <-- haysprod /public_html/stats_project/include/libs/plugins function.math.php
103.05.15 00:39 B C:\stats_project\include\libs\plugins\function.popup.php <-- haysprod /public_html/stats_project/include/libs/plugins function.popup.php
103.05.15 00:39 B C:\stats_project\include\libs\plugins\function.popup_init.php <-- haysprod /public_html/stats_project/include/libs/plugins function.popup_init.php
103.05.15 00:39 B C:\stats_project\include\libs\plugins\modifier.capitalize.php <-- haysprod /public_html/stats_project/include/libs/plugins modifier.capitalize.php
103.05.15 00:39 B C:\stats_project\include\libs\plugins\modifier.cat.php <-- haysprod /public_html/stats_project/include/libs/plugins modifier.cat.php
103.05.15 00:39 B C:\stats_project\include\libs\plugins\modifier.count_characters.php <-- haysprod /public_html/stats_project/include/libs/plugins modifier.count_characters.php
103.05.15 00:39 B C:\stats_project\include\libs\plugins\modifier.count_paragraphs.php <-- haysprod /public_html/stats_project/include/libs/plugins modifier.count_paragraphs.php
103.05.15 00:39 B C:\stats_project\include\libs\plugins\modifier.count_sentences.php <-- haysprod /public_html/stats_project/include/libs/plugins modifier.count_sentences.php
103.05.15 00:39 B C:\stats_project\include\libs\plugins\modifier.count_words.php <-- haysprod /public_html/stats_project/include/libs/plugins modifier.count_words.php
103.05.15 00:39 B C:\stats_project\include\libs\plugins\modifier.date_format.php <-- haysprod /public_html/stats_project/include/libs/plugins modifier.date_format.php
103.05.15 00:39 B C:\stats_project\include\libs\plugins\modifier.debug_print_var.php <-- haysprod /public_html/stats_project/include/libs/plugins modifier.debug_print_var.php
103.05.15 00:39 B C:\stats_project\include\libs\plugins\modifier.default.php <-- haysprod /public_html/stats_project/include/libs/plugins modifier.default.php
103.05.15 00:39 B C:\stats_project\include\libs\plugins\modifier.escape.php <-- haysprod /public_html/stats_project/include/libs/plugins modifier.escape.php
103.05.15 00:39 B C:\stats_project\include\libs\plugins\modifier.indent.php <-- haysprod /public_html/stats_project/include/libs/plugins modifier.indent.php
103.05.15 00:39 B C:\stats_project\include\libs\plugins\modifier.lower.php <-- haysprod /public_html/stats_project/include/libs/plugins modifier.lower.php
103.05.15 00:39 B C:\stats_project\include\libs\plugins\modifier.nl2br.php <-- haysprod /public_html/stats_project/include/libs/plugins modifier.nl2br.php
103.05.15 00:39 B C:\stats_project\include\libs\plugins\modifier.regex_replace.php <-- haysprod /public_html/stats_project/include/libs/plugins modifier.regex_replace.php
103.05.15 00:39 B C:\stats_project\include\libs\plugins\modifier.replace.php <-- haysprod /public_html/stats_project/include/libs/plugins modifier.replace.php
103.05.15 00:39 B C:\stats_project\include\libs\plugins\modifier.spacify.php <-- haysprod /public_html/stats_project/include/libs/plugins modifier.spacify.php
103.05.15 00:39 B C:\stats_project\include\libs\plugins\modifier.string_format.php <-- haysprod /public_html/stats_project/include/libs/plugins modifier.string_format.php
103.05.15 00:39 B C:\stats_project\include\libs\plugins\modifier.strip.php <-- haysprod /public_html/stats_project/include/libs/plugins modifier.strip.php
103.05.15 00:39 B C:\stats_project\include\libs\plugins\modifier.strip_tags.php <-- haysprod /public_html/stats_project/include/libs/plugins modifier.strip_tags.php
103.05.15 00:39 B C:\stats_project\include\libs\plugins\modifier.truncate.php <-- haysprod /public_html/stats_project/include/libs/plugins modifier.truncate.php
103.05.15 00:39 B C:\stats_project\include\libs\plugins\modifier.upper.php <-- haysprod /public_html/stats_project/include/libs/plugins modifier.upper.php
103.05.15 00:39 B C:\stats_project\include\libs\plugins\modifier.wordwrap.php <-- haysprod /public_html/stats_project/include/libs/plugins modifier.wordwrap.php
103.05.15 00:39 B C:\stats_project\include\libs\plugins\outputfilter.trimwhitespace.php <-- haysprod /public_html/stats_project/include/libs/plugins outputfilter.trimwhitespace.php
103.05.15 00:39 B C:\stats_project\include\libs\plugins\shared.escape_special_chars.php <-- haysprod /public_html/stats_project/include/libs/plugins shared.escape_special_chars.php
103.05.15 00:39 B C:\stats_project\include\libs\plugins\shared.make_timestamp.php <-- haysprod /public_html/stats_project/include/libs/plugins shared.make_timestamp.php
